.\Debug\ARP.ilk
C:\USERS\신영민\DESKTOP\2008270365_신영민_ARP_SIMUALTOR\ARP 소스코드\DEBUG\ARP.EXE
C:\USERS\신영민\DESKTOP\2008270365_신영민_ARP_SIMUALTOR\ARP 소스코드\DEBUG\ARP.EXE.EMBED.MANIFEST
C:\USERS\신영민\DESKTOP\2008270365_신영민_ARP_SIMUALTOR\ARP 소스코드\DEBUG\ARP.EXE.EMBED.MANIFEST.RES
C:\USERS\신영민\DESKTOP\2008270365_신영민_ARP_SIMUALTOR\ARP 소스코드\DEBUG\ARP.EXE.INTERMEDIATE.MANIFEST
C:\USERS\신영민\DESKTOP\2008270365_신영민_ARP_SIMUALTOR\ARP 소스코드\DEBUG\ARP.ILK
C:\USERS\신영민\DESKTOP\2008270365_신영민_ARP_SIMUALTOR\ARP 소스코드\DEBUG\ARP.OBJ
C:\USERS\신영민\DESKTOP\2008270365_신영민_ARP_SIMUALTOR\ARP 소스코드\DEBUG\ARP.PDB
C:\USERS\신영민\DESKTOP\2008270365_신영민_ARP_SIMUALTOR\ARP 소스코드\DEBUG\RESOURCE.RES
C:\USERS\신영민\DESKTOP\2008270365_신영민_ARP_SIMUALTOR\ARP 소스코드\DEBUG\SERVER.OBJ
C:\USERS\신영민\DESKTOP\2008270365_신영민_ARP_SIMUALTOR\ARP 소스코드\DEBUG\VC100.PDB
F:\2008270365_신영민_ARP_Simualtor\ARP 소스코드\.\Debug\ARP.exe
F:\2008270365_신영민_ARP_Simualtor\ARP 소스코드\.\Debug\ARP.exe.intermediate.manifest
F:\2008270365_신영민_ARP_Simualtor\ARP 소스코드\Debug\ARP.exe.embed.manifest
F:\2008270365_신영민_ARP_Simualtor\ARP 소스코드\Debug\ARP.exe.embed.manifest.res
F:\2008270365_신영민_ARP_Simualtor\ARP 소스코드\Debug\ARP.exe.intermediate.manifest
F:\2008270365_신영민_ARP_Simualtor\ARP 소스코드\Debug\ARP.ilk
F:\2008270365_신영민_ARP_Simualtor\ARP 소스코드\Debug\arp.obj
F:\2008270365_신영민_ARP_Simualtor\ARP 소스코드\Debug\ARP_manifest.rc
F:\2008270365_신영민_ARP_Simualtor\ARP 소스코드\Debug\cl.command.1.tlog
F:\2008270365_신영민_ARP_Simualtor\ARP 소스코드\Debug\CL.read.1.tlog
F:\2008270365_신영민_ARP_Simualtor\ARP 소스코드\Debug\CL.write.1.tlog
F:\2008270365_신영민_ARP_Simualtor\ARP 소스코드\Debug\link.command.1.tlog
F:\2008270365_신영민_ARP_Simualtor\ARP 소스코드\Debug\link.read.1.tlog
F:\2008270365_신영민_ARP_Simualtor\ARP 소스코드\Debug\link.write.1.tlog
F:\2008270365_신영민_ARP_Simualtor\ARP 소스코드\Debug\link-cvtres.read.1.tlog
F:\2008270365_신영민_ARP_Simualtor\ARP 소스코드\Debug\link-cvtres.write.1.tlog
F:\2008270365_신영민_ARP_Simualtor\ARP 소스코드\Debug\mt.command.1.tlog
F:\2008270365_신영민_ARP_Simualtor\ARP 소스코드\Debug\mt.read.1.tlog
F:\2008270365_신영민_ARP_Simualtor\ARP 소스코드\Debug\mt.write.1.tlog
F:\2008270365_신영민_ARP_Simualtor\ARP 소스코드\Debug\rc.command.1.tlog
F:\2008270365_신영민_ARP_Simualtor\ARP 소스코드\Debug\rc.read.1.tlog
F:\2008270365_신영민_ARP_Simualtor\ARP 소스코드\Debug\rc.write.1.tlog
F:\2008270365_신영민_ARP_Simualtor\ARP 소스코드\Debug\resource.res
F:\2008270365_신영민_ARP_Simualtor\ARP 소스코드\Debug\Server.obj
F:\2008270365_신영민_ARP_Simualtor\ARP 소스코드\Debug\vc100.idb
F:\2008270365_신영민_ARP_Simualtor\ARP 소스코드\Debug\vc100.pdb
